This is pdfTeX, Version 3.1415926-2.5-1.40.13 (TeX Live 2013/dev) (format=pdflatex 2012.10.18)  24 DEC 2012 08:43
entering extended mode
 restricted \write18 enabled.
 %&-line parsing enabled.
**paper.tex
(../paper.tex
LaTeX2e <2011/06/27>
Babel <v3.8m> and hyphenation patterns for english, dumylang, nohyphenation, po
lish, russian, ukrainian, basque, ibycus, irish, indonesian, catalan, slovak, p
ortuguese, german, ngerman, swissgerman, welsh, dutch, friulan, slovenian, roma
nian, danish, german-x-2012-05-30, ngerman-x-2012-05-30, hungarian, greek, espe
ranto, bulgarian, romansh, latin, serbian, serbianc, italian, estonian, croatia
n, coptic, czech, spanish, galician, afrikaans, mongolian, mongolianlmc, kurman
ji, french, ukenglish, usenglishmax, icelandic, turkish, armenian, bokmal, nyno
rsk, interlingua, swedish, finnish, uppersorbian, pinyin, loaded.

! LaTeX Error: File `IEEEtran.cls' not found.

Type X to quit or <RETURN> to proceed,
or enter new name. (Default extension: cls)

Enter file name: X

 )
(\end occurred when \ifx on line 2 was incomplete)
(\end occurred when \ifx on line 2 was incomplete) 
Here is how much of TeX's memory you used:
 12 strings out of 493600
 191 string characters out of 3148224
 47806 words of memory out of 3000000
 3387 multiletter control sequences out of 15000+200000
 3640 words of font info for 14 fonts, out of 3000000 for 9000
 953 hyphenation exceptions out of 8191
 10i,0n,7p,51b,8s stack positions out of 5000i,500n,10000p,200000b,50000s

No pages of output.
PDF statistics:
 0 PDF objects out of 1000 (max. 8388607)
 0 named destinations out of 1000 (max. 500000)
 1 words of extra memory for PDF output out of 10000 (max. 10000000)

